2025-05-02 11:22:46,426:run.py:INFO:Beginning process train
2025-05-02 11:22:49,315:train.py:INFO:Training model
2025-05-02 11:22:49,450:train.py:INFO:best model: Pipeline(steps=[('scaler', StandardScaler()),
                ('clf', ClfSwitcher(estimator=LogisticRegression()))])
2025-05-02 11:22:49,450:train.py:INFO:best params: {'clf__estimator': LogisticRegression(), 'clf__estimator__C': 0.5}
2025-05-02 11:22:49,450:train.py:INFO:best score: 0.0
2025-05-02 11:22:49,451:train.py:INFO:Test set accuracy: 0.8666666666666667
2025-05-02 11:24:54,699:run.py:INFO:Beginning process train
2025-05-02 11:24:57,021:train.py:INFO:Training model
2025-05-02 11:24:57,160:train.py:INFO:best model: Pipeline(steps=[('scaler', StandardScaler()),
                ('clf', ClfSwitcher(estimator=LogisticRegression()))])
2025-05-02 11:24:57,161:train.py:INFO:best params: {'clf__estimator': LogisticRegression(), 'clf__estimator__C': 0.5}
2025-05-02 11:24:57,161:train.py:INFO:best score: 0.0
2025-05-02 11:24:57,162:train.py:INFO:Test set accuracy: 0.9333333333333333
2025-05-02 11:24:57,162:model_utils.py:INFO:saving model
2025-05-02 11:24:57,163:model_utils.py:INFO:model saved to models/latest_model.pkl
2025-05-02 11:25:38,809:run.py:INFO:Beginning process train
2025-05-02 11:25:41,226:train.py:INFO:Training model
2025-05-02 11:25:41,362:train.py:INFO:best model: Pipeline(steps=[('scaler', StandardScaler()),
                ('clf', ClfSwitcher(estimator=LogisticRegression()))])
2025-05-02 11:25:41,362:train.py:INFO:best params: {'clf__estimator': LogisticRegression(), 'clf__estimator__C': 0.5}
2025-05-02 11:25:41,362:train.py:INFO:best score: 0.0
2025-05-02 11:25:41,363:train.py:INFO:Test set accuracy: 1.0
2025-05-02 11:25:41,364:model_utils.py:INFO:saving model
2025-05-02 11:25:41,364:model_utils.py:INFO:model saved to models/latest_model.pkl
2025-05-02 11:30:19,535:run.py:INFO:Beginning process train
2025-05-02 11:30:22,075:train.py:INFO:Training model
2025-05-02 11:30:22,203:train.py:INFO:best model: Pipeline(steps=[('scaler', StandardScaler()),
                ('clf', ClfSwitcher(estimator=LogisticRegression()))])
2025-05-02 11:30:22,205:train.py:INFO:best params: {'clf__estimator': LogisticRegression(), 'clf__estimator__C': 0.5}
2025-05-02 11:30:22,205:train.py:INFO:best score: 0.0
2025-05-02 11:30:22,206:train.py:INFO:Test set accuracy: 0.9333333333333333
2025-05-02 11:30:22,206:model_utils.py:INFO:saving model
2025-05-02 11:30:22,206:model_utils.py:INFO:model saved to models/latest_model.pkl
2025-05-02 11:39:04,580:run.py:INFO:Beginning process train
2025-05-02 11:39:06,437:train.py:INFO:Training model
2025-05-02 11:39:06,546:train.py:INFO:best model: Pipeline(steps=[('scaler', StandardScaler()),
                ('clf', ClfSwitcher(estimator=LogisticRegression()))])
2025-05-02 11:39:06,546:train.py:INFO:best params: {'clf__estimator': LogisticRegression(), 'clf__estimator__C': 0.5}
2025-05-02 11:39:06,547:train.py:INFO:best score: 0.0
2025-05-02 11:39:06,548:train.py:INFO:Test set accuracy: 1.0
2025-05-02 11:39:06,549:model_utils.py:INFO:saving model
2025-05-02 11:39:06,550:model_utils.py:INFO:model saved to models/latest_model.pkl
